Mining bitcoin address starting with 21e8...
This may take a while...

Attempts: 1000 (current: 1Pc4nS8feEfWK9ETqe4iXZgEyLSxwmbtNM)
Attempts: 2000 (current: 1MKJ6STu1RQxRC3tCUTEhVqQDBZyGxWzPk)
Attempts: 3000 (current: 18iwd6srohouw2AYAsGGDc8v6wANTrB82z)
Attempts: 4000 (current: 15X4EoNRt87tidbz5eYxo9kvyXKNEmYN5v)
Attempts: 5000 (current: 1PNS1SvVSawpeG3TX4oNRBRC4i3fAgabW6)
Attempts: 6000 (current: 1Gpnd7fkYPxSXRnn32myGUbBtHJ826xG8k)
Attempts: 7000 (current: 1MseonUMS2md1LkkcpvEas9AN9BrUicaoM)
Attempts: 8000 (current: 1HeFqorLiXk4QcNK812R9qXo3MggCCqQ1C)
Attempts: 9000 (current: 14tYuurGikcUa3foA1k9n1GCwpgWavyAkr)
Attempts: 10000 (current: 1DRqau5MC1Y1aZcVYRP4Bsa366yZRxgmVy)
Attempts: 11000 (current: 1GoVjAJBiEQrUdSGVASo7nmhPTnCCEGTyt)
Attempts: 12000 (current: 1BfFZQ54Cw2FyjhzMP3ytawdQjmPMwNji8)
Attempts: 13000 (current: 1A9XsxpLmW4TzNnVKrGgt8uy8o7vMrppz8)
Attempts: 14000 (current: 1AtekSncxVAGSnGMS7uxQqmNbpsJ6GvxFa)
Attempts: 15000 (current: 1EHWWd5K6shNGb2TBHMmEEHoJ4VuChUSRr)
Attempts: 16000 (current: 14cn3Rsf1c87s1oK5w4t3gmF5ezDFPpfMZ)
Attempts: 17000 (current: 1CocNAbiEvuRZFXySYYTG4phk8DVh1aypF)
Attempts: 18000 (current: 1MAN6ykJLUC2bq5cpF26MUC93WCa1iyLME)
Attempts: 19000 (current: 1DmyD4kNkEBri9eun1hYuFHvrFgSe6yvqr)
Attempts: 20000 (current: 1PgEuoh9LLMEksxcJM2HAU6jescUR7vNKh)
Attempts: 21000 (current: 1JTQr2TGX6pkUbWk6U8wcwxtEoJws7ixwG)
Attempts: 22000 (current: 1GwGRAS3eT7sAW4ViL3xSPeLhRhxmRjo5C)
Attempts: 23000 (current: 1FiSA2dThVB2ZrKxYrCN1yXjU8kUQYVT5L)
Attempts: 24000 (current: 16xGQU73akSYcxHu5buKQNNBaX1B5MoTEB)
Attempts: 25000 (current: 1JCDsi2hp3UuEnuiEquxP3JeZyPhqoqX75)
Attempts: 26000 (current: 1GhxsQYBUM1vYX2gDeYuQajYr5VyqrBfD1)
Attempts: 27000 (current: 12aHmQQ9BcvJvL83tENZ8n8DZmUN28GiWm)
Attempts: 28000 (current: 1Q257r5mLCnyXi7GiSAxxor1GKUozddw1e)
Attempts: 29000 (current: 1F5zoivUd2qmD1YRd2g9DR7VRpDk2hHoum)
Attempts: 30000 (current: 1D931yeXH2ZZbFZrocgYsyDtAvxdVssbzr)
Attempts: 31000 (current: 12UA8VnHdszYJBAB6kS6VxmJ26sqTBtJz5)
Attempts: 32000 (current: 1NHnPRzqtCv3A2Jpdy5Nb5PMW8SBFvioR9)
Attempts: 33000 (current: 17bxYHQKYC1CPVuxm9S7wRUoPvMXQLvo37)
Attempts: 34000 (current: 1M28Vn6eTh8cvd7ECLrPA2v4AvUCyms7WJ)
Attempts: 35000 (current: 1K3kPSUQQjdFozaxveXc94iXMQQy4ydtHq)
Attempts: 36000 (current: 1PxNwewZjgJr6ueqGB4itFx6dAJMuwZVMD)
Attempts: 37000 (current: 19zWgrnWU9uAWfUCYeHqFGXNnYUwB2UxCh)
Attempts: 38000 (current: 12G5VV3AXNZN7sYmBtUBqYB3spaL8yVwoj)
Attempts: 39000 (current: 1BHjyuC8mjGbW1qSTDNZWvfMBFZRn9yksC)
Attempts: 40000 (current: 13VUnBTVMpq35kcwdwMSzMnpfBxjH5nSbq)
Attempts: 41000 (current: 13HJzkdPJx9bY1W6qPqDww6aadKrtx5G8w)
Attempts: 42000 (current: 16SckeQV9gQp8ffkTReaBx4k1CCRvZeUFz)
Attempts: 43000 (current: 1LMFpzL4Y1QdF1PbBNx4nTnKxkP8umJ4jv)
Attempts: 44000 (current: 16kUDvtvo2bxjnb7o4rnGyWWHenN2V8cge)
Attempts: 45000 (current: 1AGDf6Tn9WdU1hPbFSJF2p7eGhxnUd92z1)
Attempts: 46000 (current: 19TRFrufuJknNT5iRThj54CcTEAEM5wYj3)
Attempts: 47000 (current: 1CzFgoLzhvg6BaeXVRPHnxjLcpaWeXgZqm)
Attempts: 48000 (current: 1CTmDxdT2nD9AR7obQLbGxKprP42KyHWbj)
Attempts: 49000 (current: 1JtsiKJYNwi3o9GZumJdhzrGMkaDXi7gWL)
Attempts: 50000 (current: 17DFGmpG1jMbB24BViViuUGXyt6czoPzQe)
Attempts: 51000 (current: 1Ki5jaGnguUxsoPn4BZm2JhDuzimdZWPCH)
Attempts: 52000 (current: 1vLkjqreqr6ZM7qLDQfduRnNXdWzgXvgf)
Attempts: 53000 (current: 1J8KcW9JUsXJYaPFTVMWky2PWkjvpcCAcJ)
Attempts: 54000 (current: 1PHzbSTFMvx6eCsm39WcSxsGYvUAuABCg4)
Attempts: 55000 (current: 14T8C8MqaYk86mswrk6Gqn7JbGaGN8eaEd)
Attempts: 56000 (current: 13BVu81zyNobgzzGr7zi91bPC6ccX75pym)
Attempts: 57000 (current: 1Dvm5admgdZuCeAEzF11T42ERQxQkKtiez)
Attempts: 58000 (current: 1BjZajWgNSPCbFudKjSMkqVzKeJAAQ3fxX)
Attempts: 59000 (current: 1J4FWd95Rd4cWRo9mCt4sQJd5V64KDaWvu)
Attempts: 60000 (current: 19pqdUXHjRPdZXUo8MA8W3eJi76zH2BFHZ)
Attempts: 61000 (current: 1E13TzscygggWEmn8CxYviacAeGA9ZZe7Q)
Attempts: 62000 (current: 1KjH3DmGf7Xc96EZXsHrm325th5r8LiCBZ)
Attempts: 63000 (current: 1PwxMK9nrMMmmKbf6DvX4SykzSqJpY8oT9)
Attempts: 64000 (current: 1Tvd6Eo8c7JBwmppszRhNpgGp4HAvpMJi)
Attempts: 65000 (current: 185xE27n2LGSRjETt3FhpT48ejDzVzs3Lg)
Attempts: 66000 (current: 13wxtivuLXKcs9Lwt1mj8Qj1pGLppuzpq3)
Attempts: 67000 (current: 1K9UsKPpdNKAMzaxQ7uijDf93xF5Ha7EXw)
Attempts: 68000 (current: 1MfwfQUG2QPEEEWTzUYr7rh4EfvvEPPT4e)
Attempts: 69000 (current: 1GtJH7uW8MNCFpG75NPwESLB7HjzzossNB)
Attempts: 70000 (current: 1Gw1KDgq66K3LeKug5BCSdBDF7o3LMNSpq)
Attempts: 71000 (current: 1NVfpx6AkTzbjKE2jhKgtweWD53yPhFqTC)
Attempts: 72000 (current: 1Kcrba3kGVfExxpqCN4Le4t5hfjxb33Axe)
Attempts: 73000 (current: 17NJdJD6goqJHhZBFwBnoVrsKA8xstpxR9)
Attempts: 74000 (current: 1FpGUNzXwLgLqq8urWewBK9TWQE4STdL4K)
Attempts: 75000 (current: 16s6ptgDNQjyEmvdhk9seGgpBzdan6jDhd)
Attempts: 76000 (current: 18yZmQD3XBUvhoav1k8yWbNnTsdryp1ETs)
Attempts: 77000 (current: 16E9Jp8cXtfzah3PMcpyZJDZiHbmoNZX48)
Attempts: 78000 (current: 1JRqGeiBUxk6LVFNkv95igKuSsMGqPp93)
Attempts: 79000 (current: 1ASVUASAtKdhcL5u7m7gzMusfs9Z9JLqsC)
Attempts: 80000 (current: 19eoULU5QW1zUCCZzooak4tPx48ruGZcvs)
Attempts: 81000 (current: 1NJrVQSJikcTe15tbkRUz6eGsp7VQFce8h)
Attempts: 82000 (current: 13i6Y3gfDzzhXmZTWAuFWGuYzXcVGRC2Cv)
Attempts: 83000 (current: 13dqbiE5L3ydaXn58uiZKa97Mydbn4xzhU)
Attempts: 84000 (current: 1QE4HFx9Aym1QgpjJwjQHpcqAe7SjxRDjD)
Attempts: 85000 (current: 17171TSmEKB8poTBjakv1MTrQQPrVDkryY)
Attempts: 86000 (current: 15WAtvwS7ujKY46chcRkJubM61aMu7MsL4)
Attempts: 87000 (current: 18Yx2DH2Cxd925P8Bqkw4Y1VVkq3Aci7Zw)
Attempts: 88000 (current: 1HaQ3DxnrNy8ZU8iUomjQCJrcmCvJiuzVA)
Attempts: 89000 (current: 1s3YVZKQ4c8V24qdVyFEwJa1BDQ5JNC7J)
Attempts: 90000 (current: 1FWGR8BXVA8sKPD2sWg8opiC5aZvEPuNUm)
Attempts: 91000 (current: 1KqrVkr7Efuoop7XXUf8SgCashE5AdJg88)
Attempts: 92000 (current: 1CpeFCB57t1jngRMrQzKEKVN73TAGEPfVj)
Attempts: 93000 (current: 14FJLoMWa7Kz7UtmQWMG1XuDXTJNsaPGv9)
Attempts: 94000 (current: 1JymmGnjTzbkwr4EVvNEda61HdGvjaSnow)
Attempts: 95000 (current: 1LrDbdjCaZvLm68CCn7S1eYcdccPCzu8U3)
Attempts: 96000 (current: 1JUELEr6ESBjpGwAPbQXPaa9WVwYYibMCN)
Attempts: 97000 (current: 1Av5Nasn6fnBJQooSNdofMPEXHi1pLLtWt)
Attempts: 98000 (current: 1CzDqx2Npmqjw71PSyrMYB8muxoF6tgeSR)
Attempts: 99000 (current: 1Hja7pyghahczQWBeHMEGKRouGKvNAkEtu)
Attempts: 100000 (current: 1fHH974AvpW32ZJwcJrPLatbigYYb2FXn)
Attempts: 101000 (current: 1LuJrSnfsauncgCfdbbKrgaNQVcy7BsM5b)
Attempts: 102000 (current: 1AGVJsUfc5Mvp51CaRmzbFZNN5VuUitPz1)
Attempts: 103000 (current: 1KB6nv2dWZjeyyjjGeSQXyQRi49sJ7oPWX)
Attempts: 104000 (current: 1LCutHPUvGTA2kDW9nZPwYk8VsBTvFfHL3)
Attempts: 105000 (current: 1NKSDskZsbtZBHgwrR6cMuuGXu98m5THYn)
Attempts: 106000 (current: 1BgugjynyMfJ8xYPiUxsc2LZBtPXcnF7YG)
Attempts: 107000 (current: 12jdYzwRPFNFD2jcP2dTWebd3ekDW8hgQi)
Attempts: 108000 (current: 1P53nfqEUMAbyKjKWExA7oLf6wC3eBYwu3)
Attempts: 109000 (current: 1A2mRXqzoLPfgLz81Szm98jEMpv2wLDDU)
Attempts: 110000 (current: 1FCRL2rCp2QXKH7BD21KtGLX8BUq65fJ2V)
Attempts: 111000 (current: 1BJKfryeA4wHNjxjJi5UmQGiz1nYDStu45)
Attempts: 112000 (current: 1HvHTWhV3DUSe7zjwdp8aEgR4dPSpNmLCZ)
Attempts: 113000 (current: 13jkZeh6Y5vXzxbFMnvgCtFd1PXeBrEJZr)
Attempts: 114000 (current: 15LgSduoF2B1REhVS1YJVTndXNTXQEV9z2)
Attempts: 115000 (current: 1D2i6qf2QVKoGhZVhc4GHftMse1r9E7Lch)
Attempts: 116000 (current: 18wx4sDd8oe8AuSEa941JWBr52Acgr5tGv)
Attempts: 117000 (current: 1C2c2YTEwABr5QxcB1tzMFhDLziDmtPNWs)
Attempts: 118000 (current: 1JLdQTmdNZ527ED5Xkm5ZuBBcasE8BEQUX)
Attempts: 119000 (current: 14LXz945njvArsvvCybUf56RdbJ9gH3HGW)
Attempts: 120000 (current: 1MXbGMA7U3vDzm8BWWgkjF77Mfr7Yc2RPh)
Attempts: 121000 (current: 1MMgRctSk3AJBfsenvMDq4gidsEFJjm6uj)
Attempts: 122000 (current: 1NrHUwFJVurh7XgkUVskTV1hRnL1csnznU)
Attempts: 123000 (current: 1ncufPeRirWzZmSYetVFF57ZELHuArNSW)
Attempts: 124000 (current: 18QKouWeSw4ckqcbxu1qPdr2z6nUm6eR5z)
Attempts: 125000 (current: 1KLJGPoVhRTrptHHrHCoCzyU1TeTxb84ph)
Attempts: 126000 (current: 1DDR3hpyrMb63EAPdKsa7ZfJh4mHJdMUe7)
Attempts: 127000 (current: 18RMQiqRQnoLyHFMTKp5qWm6gsk5y7eVBM)
Attempts: 128000 (current: 16BVRapqv5VgjCUJgHkMNDpLmLLkDBaaA8)
Attempts: 129000 (current: 15VURWSQLguGZRgUWaTQEVuxB6quMZzhPd)
Attempts: 130000 (current: 19fQnG144EQPj11n1fj7VfJ6MfXi7vvqXY)
Attempts: 131000 (current: 19Hqav3r7G6vnagCvUXyPUAWwKFLRLg2Aa)
Attempts: 132000 (current: 1P4rcqeyjJ1k2e2GxLwLvgxHiZnC2Z3kwk)
Attempts: 133000 (current: 1CNH1Bpb2GcNmpPLhmk6ykaRaTDKJMcS1N)
Attempts: 134000 (current: 1JPLgL23oJKkrDxi3KTx3WRZhTaRkQvk69)
Attempts: 135000 (current: 18NqVBEgHLZ8fnd29DpHBATwWpvUSfFfDY)
Attempts: 136000 (current: 1CByyhNjMus77tEfwVFQGEYenRhda59Kiq)
Attempts: 137000 (current: 1JXHsVrKDyxBmF6ckD123pWVprDCs41WFz)
Attempts: 138000 (current: 181hShUdUDUSvy8sywmY6c5oqU4gJjjBKz)
Attempts: 139000 (current: 14nk4V1H3sa6fMh2BEcHAY9pVzSz58quWM)
Attempts: 140000 (current: 1BnGDCeH8QDPRxJxmWWWWticPzQDMtcXm3)
Attempts: 141000 (current: 171XSdWziFYHJyohP9PwHr3M4PY1SXU29t)
Attempts: 142000 (current: 1M26aLzsFnou1QzYpBLAnyJUkAqEtjgtBF)
Attempts: 143000 (current: 1CR4sfc5igjoGpyCh9XLLQw9VMw7pMPNe4)
Attempts: 144000 (current: 19tJrVqNHyDiKRDjvv441MSvQjFWwLNXfD)
Attempts: 145000 (current: 1BFiXXchXnxE64QbeBJmmZjRY4nAcnW9v6)
Attempts: 146000 (current: 121m9uKdsBythx2F3GHfZmdDeqLp7RXQnv)
Attempts: 147000 (current: 12nUv8anDekXKJM5detiBCPBKNLTpKLkeX)
Attempts: 148000 (current: 1LTcD5Hh6R7SWVC7Q4WQfX56GXqYoSbRny)
Attempts: 149000 (current: 1HAQhcJQcjoRmijTYpA5WvJHAAqsCVbQQR)
Attempts: 150000 (current: 1JgskdEERQ3f44cVj49k3Y6pt7dekYJz9D)
Attempts: 151000 (current: 1FFC3kJWEBRBDACWg9F9HkgBCtJ4mEZrKL)
Attempts: 152000 (current: 14FbhhAzDZ1CZK97L18yDm3XYixmvyPwcv)
Attempts: 153000 (current: 1DSP6Ed1AZTzgNDaQY1QuiFZ3Y6Z7NETC)
Attempts: 154000 (current: 1GncKSRiGcwotwXN2evDzopXKNkwVruGpi)
Attempts: 155000 (current: 1GWDnsACXqrvaR5auH2wQvobvRT8HTNfr9)
Attempts: 156000 (current: 149TwFf15wTpAD1nGrruzKWNfp1Uu1p1UX)
Attempts: 157000 (current: 19sXxPvhevJGAJfRfnDSyV6RXFJMAHEUqn)
Attempts: 158000 (current: 1KY4SBdQzgTKeJyVSiJ4ZgEbsqXbYLTpR9)
Attempts: 159000 (current: 157hSxX8cSrR7kSy4cJezN1dzRmDmmq8my)
Attempts: 160000 (current: 1LsX2SLWDVmGF9eyqNAhrc279kiu9R6EYi)
Attempts: 161000 (current: 1L8rQdGCxxhmnu8wJNcXMuW2JvDGisv31Y)
Attempts: 162000 (current: 1AkvFuRiuMh2yBBCMeNTpfgvubsHfkLMMy)
Attempts: 163000 (current: 1P6h4mNeNwLTAmmtebwZh35sjgyZtLaqDk)
